Performing C SOURCE FILE Test CMAKE_HAVE_LIBC_PTHREAD failed with the following output:
Change Dir: /home/aensor/ska/spfl-gaincalibration/ska-sdp-func/src/ska-sdp-func/gain_calibration_svd/build/CMakeFiles/CMakeTmp

Run Build Command(s):/usr/bin/make -f Makefile cmTC_80bcf/fast && /usr/bin/make  -f CMakeFiles/cmTC_80bcf.dir/build.make CMakeFiles/cmTC_80bcf.dir/build
make[1]: Entering directory '/home/aensor/ska/spfl-gaincalibration/ska-sdp-func/src/ska-sdp-func/gain_calibration_svd/build/CMakeFiles/CMakeTmp'
Building C object CMakeFiles/cmTC_80bcf.dir/src.c.o
/usr/bin/cc -DCMAKE_HAVE_LIBC_PTHREAD  -fPIC  -o CMakeFiles/cmTC_80bcf.dir/src.c.o -c /home/aensor/ska/spfl-gaincalibration/ska-sdp-func/src/ska-sdp-func/gain_calibration_svd/build/CMakeFiles/CMakeTmp/src.c
Linking C executable cmTC_80bcf
/opt/cmake-3.24.0-rc4-linux-x86_64/bin/cmake -E cmake_link_script CMakeFiles/cmTC_80bcf.dir/link.txt --verbose=1
/usr/bin/cc -fPIC  CMakeFiles/cmTC_80bcf.dir/src.c.o -o cmTC_80bcf 
CMakeFiles/cmTC_80bcf.dir/src.c.o: In function `main':
src.c:(.text+0x3e): undefined reference to `pthread_create'
src.c:(.text+0x4a): undefined reference to `pthread_detach'
src.c:(.text+0x56): undefined reference to `pthread_cancel'
src.c:(.text+0x67): undefined reference to `pthread_join'
src.c:(.text+0x7b): undefined reference to `pthread_atfork'
collect2: error: ld returned 1 exit status
CMakeFiles/cmTC_80bcf.dir/build.make:98: recipe for target 'cmTC_80bcf' failed
make[1]: *** [cmTC_80bcf] Error 1
make[1]: Leaving directory '/home/aensor/ska/spfl-gaincalibration/ska-sdp-func/src/ska-sdp-func/gain_calibration_svd/build/CMakeFiles/CMakeTmp'
Makefile:127: recipe for target 'cmTC_80bcf/fast' failed
make: *** [cmTC_80bcf/fast] Error 2


Source file was:
#include <pthread.h>

static void* test_func(void* data)
{
  return data;
}

int main(void)
{
  pthread_t thread;
  pthread_create(&thread, NULL, test_func, NULL);
  pthread_detach(thread);
  pthread_cancel(thread);
  pthread_join(thread, NULL);
  pthread_atfork(NULL, NULL, NULL);
  pthread_exit(NULL);

  return 0;
}

Determining if the function pthread_create exists in the pthreads failed with the following output:
Change Dir: /home/aensor/ska/spfl-gaincalibration/ska-sdp-func/src/ska-sdp-func/gain_calibration_svd/build/CMakeFiles/CMakeTmp

Run Build Command(s):/usr/bin/make -f Makefile cmTC_eb7d3/fast && /usr/bin/make  -f CMakeFiles/cmTC_eb7d3.dir/build.make CMakeFiles/cmTC_eb7d3.dir/build
make[1]: Entering directory '/home/aensor/ska/spfl-gaincalibration/ska-sdp-func/src/ska-sdp-func/gain_calibration_svd/build/CMakeFiles/CMakeTmp'
Building C object CMakeFiles/cmTC_eb7d3.dir/CheckFunctionExists.c.o
/usr/bin/cc   -fPIC -DCHECK_FUNCTION_EXISTS=pthread_create -o CMakeFiles/cmTC_eb7d3.dir/CheckFunctionExists.c.o -c /opt/cmake-3.24.0-rc4-linux-x86_64/share/cmake-3.24/Modules/CheckFunctionExists.c
Linking C executable cmTC_eb7d3
/opt/cmake-3.24.0-rc4-linux-x86_64/bin/cmake -E cmake_link_script CMakeFiles/cmTC_eb7d3.dir/link.txt --verbose=1
/usr/bin/cc -fPIC -DCHECK_FUNCTION_EXISTS=pthread_create CMakeFiles/cmTC_eb7d3.dir/CheckFunctionExists.c.o -o cmTC_eb7d3  -lpthreads 
/usr/bin/ld: cannot find -lpthreads
collect2: error: ld returned 1 exit status
CMakeFiles/cmTC_eb7d3.dir/build.make:98: recipe for target 'cmTC_eb7d3' failed
make[1]: *** [cmTC_eb7d3] Error 1
make[1]: Leaving directory '/home/aensor/ska/spfl-gaincalibration/ska-sdp-func/src/ska-sdp-func/gain_calibration_svd/build/CMakeFiles/CMakeTmp'
Makefile:127: recipe for target 'cmTC_eb7d3/fast' failed
make: *** [cmTC_eb7d3/fast] Error 2



